INSERT INTO CountryCode (cc, country_name) VALUES ('AF', 'AFGHANISTAN');
INSERT INTO CountryCode (cc, country_name) VALUES ('AX', 'ALAND ISLANDS');
INSERT INTO CountryCode (cc, country_name) VALUES ('AL', 'ALBANIA');
INSERT INTO CountryCode (cc, country_name) VALUES ('DZ', 'ALGERIA');
INSERT INTO CountryCode (cc, country_name) VALUES ('AS', 'AMERICAN SAMOA');
INSERT INTO CountryCode (cc, country_name) VALUES ('AD', 'ANDORRA');
INSERT INTO CountryCode (cc, country_name) VALUES ('AO', 'ANGOLA');
INSERT INTO CountryCode (cc, country_name) VALUES ('AI', 'ANGUILLA');
INSERT INTO CountryCode (cc, country_name) VALUES ('AQ', 'ANTARCTICA');
INSERT INTO CountryCode (cc, country_name) VALUES ('AG', 'ANTIGUA AND BARBUDA');
INSERT INTO CountryCode (cc, country_name) VALUES ('AR', 'ARGENTINA');
INSERT INTO CountryCode (cc, country_name) VALUES ('AM', 'ARMENIA');
INSERT INTO CountryCode (cc, country_name) VALUES ('AW', 'ARUBA');
INSERT INTO CountryCode (cc, country_name) VALUES ('AU', 'AUSTRALIA');
INSERT INTO CountryCode (cc, country_name) VALUES ('AT', 'AUSTRIA');
INSERT INTO CountryCode (cc, country_name) VALUES ('AZ', 'AZERBAIJAN');
INSERT INTO CountryCode (cc, country_name) VALUES ('BS', 'BAHAMAS');
INSERT INTO CountryCode (cc, country_name) VALUES ('BH', 'BAHRAIN');
INSERT INTO CountryCode (cc, country_name) VALUES ('BD', 'BANGLADESH');
INSERT INTO CountryCode (cc, country_name) VALUES ('BB', 'BARBADOS');
INSERT INTO CountryCode (cc, country_name) VALUES ('BY', 'BELARUS');
INSERT INTO CountryCode (cc, country_name) VALUES ('BE', 'BELGIUM');
INSERT INTO CountryCode (cc, country_name) VALUES ('BZ', 'BELIZE');
INSERT INTO CountryCode (cc, country_name) VALUES ('BJ', 'BENIN');
INSERT INTO CountryCode (cc, country_name) VALUES ('BM', 'BERMUDA');
INSERT INTO CountryCode (cc, country_name) VALUES ('BT', 'BHUTAN');
INSERT INTO CountryCode (cc, country_name) VALUES ('BO', 'BOLIVIA, PLURINATIONAL STATE OF');
INSERT INTO CountryCode (cc, country_name) VALUES ('BA', 'BOSNIA AND HERZEGOVINA');
INSERT INTO CountryCode (cc, country_name) VALUES ('BW', 'BOTSWANA');
INSERT INTO CountryCode (cc, country_name) VALUES ('BV', 'BOUVET ISLAND');
INSERT INTO CountryCode (cc, country_name) VALUES ('BR', 'BRAZIL');
INSERT INTO CountryCode (cc, country_name) VALUES ('IO', 'BRITISH INDIAN OCEAN TERRITORY');
INSERT INTO CountryCode (cc, country_name) VALUES ('BN', 'BRUNEI DARUSSALAM');
INSERT INTO CountryCode (cc, country_name) VALUES ('BG', 'BULGARIA');
INSERT INTO CountryCode (cc, country_name) VALUES ('BF', 'BURKINA FASO');
INSERT INTO CountryCode (cc, country_name) VALUES ('BI', 'BURUNDI');
INSERT INTO CountryCode (cc, country_name) VALUES ('KH', 'CAMBODIA');
INSERT INTO CountryCode (cc, country_name) VALUES ('CM', 'CAMEROON');
INSERT INTO CountryCode (cc, country_name) VALUES ('CA', 'CANADA');
INSERT INTO CountryCode (cc, country_name) VALUES ('CV', 'CAPE VERDE');
INSERT INTO CountryCode (cc, country_name) VALUES ('KY', 'CAYMAN ISLANDS');
INSERT INTO CountryCode (cc, country_name) VALUES ('CF', 'CENTRAL AFRICAN REPUBLIC');
INSERT INTO CountryCode (cc, country_name) VALUES ('TD', 'CHAD');
INSERT INTO CountryCode (cc, country_name) VALUES ('CL', 'CHILE');
INSERT INTO CountryCode (cc, country_name) VALUES ('CN', 'CHINA');
INSERT INTO CountryCode (cc, country_name) VALUES ('CX', 'CHRISTMAS ISLAND');
INSERT INTO CountryCode (cc, country_name) VALUES ('CC', 'COCOS (KEELING) ISLANDS');
INSERT INTO CountryCode (cc, country_name) VALUES ('CO', 'COLOMBIA');
INSERT INTO CountryCode (cc, country_name) VALUES ('KM', 'COMOROS');
INSERT INTO CountryCode (cc, country_name) VALUES ('CG', 'CONGO');
INSERT INTO CountryCode (cc, country_name) VALUES ('CD', 'CONGO, THE DEMOCRATIC REPUBLIC OF THE');
INSERT INTO CountryCode (cc, country_name) VALUES ('CK', 'COOK ISLANDS');
INSERT INTO CountryCode (cc, country_name) VALUES ('CR', 'COSTA RICA');
INSERT INTO CountryCode (cc, country_name) VALUES ('CI', 'COTE D'IVOIRE');
INSERT INTO CountryCode (cc, country_name) VALUES ('HR', 'CROATIA');
INSERT INTO CountryCode (cc, country_name) VALUES ('CU', 'CUBA');
INSERT INTO CountryCode (cc, country_name) VALUES ('CY', 'CYPRUS');
INSERT INTO CountryCode (cc, country_name) VALUES ('CZ', 'CZECH REPUBLIC');
INSERT INTO CountryCode (cc, country_name) VALUES ('DK', 'DENMARK');
INSERT INTO CountryCode (cc, country_name) VALUES ('DJ', 'DJIBOUTI');
INSERT INTO CountryCode (cc, country_name) VALUES ('DM', 'DOMINICA');
INSERT INTO CountryCode (cc, country_name) VALUES ('DO', 'DOMINICAN REPUBLIC');
INSERT INTO CountryCode (cc, country_name) VALUES ('EC', 'ECUADOR');
INSERT INTO CountryCode (cc, country_name) VALUES ('EG', 'EGYPT');
INSERT INTO CountryCode (cc, country_name) VALUES ('SV', 'EL SALVADOR');
INSERT INTO CountryCode (cc, country_name) VALUES ('GQ', 'EQUATORIAL GUINEA');
INSERT INTO CountryCode (cc, country_name) VALUES ('ER', 'ERITREA');
INSERT INTO CountryCode (cc, country_name) VALUES ('EE', 'ESTONIA');
INSERT INTO CountryCode (cc, country_name) VALUES ('ET', 'ETHIOPIA');
INSERT INTO CountryCode (cc, country_name) VALUES ('FK', 'FALKLAND ISLANDS (MALVINAS)');
INSERT INTO CountryCode (cc, country_name) VALUES ('FO', 'FAROE ISLANDS');
INSERT INTO CountryCode (cc, country_name) VALUES ('FJ', 'FIJI');
INSERT INTO CountryCode (cc, country_name) VALUES ('FI', 'FINLAND');
INSERT INTO CountryCode (cc, country_name) VALUES ('FR', 'FRANCE');
INSERT INTO CountryCode (cc, country_name) VALUES ('GF', 'FRENCH GUIANA');
INSERT INTO CountryCode (cc, country_name) VALUES ('PF', 'FRENCH POLYNESIA');
INSERT INTO CountryCode (cc, country_name) VALUES ('TF', 'FRENCH SOUTHERN TERRITORIES');
INSERT INTO CountryCode (cc, country_name) VALUES ('GA', 'GABON');
INSERT INTO CountryCode (cc, country_name) VALUES ('GM', 'GAMBIA');
INSERT INTO CountryCode (cc, country_name) VALUES ('GE', 'GEORGIA');
INSERT INTO CountryCode (cc, country_name) VALUES ('DE', 'GERMANY');
INSERT INTO CountryCode (cc, country_name) VALUES ('GH', 'GHANA');
INSERT INTO CountryCode (cc, country_name) VALUES ('GI', 'GIBRALTAR');
INSERT INTO CountryCode (cc, country_name) VALUES ('GR', 'GREECE');
INSERT INTO CountryCode (cc, country_name) VALUES ('GL', 'GREENLAND');
INSERT INTO CountryCode (cc, country_name) VALUES ('GD', 'GRENADA');
INSERT INTO CountryCode (cc, country_name) VALUES ('GP', 'GUADELOUPE');
INSERT INTO CountryCode (cc, country_name) VALUES ('GU', 'GUAM');
INSERT INTO CountryCode (cc, country_name) VALUES ('GT', 'GUATEMALA');
INSERT INTO CountryCode (cc, country_name) VALUES ('GG', 'GUERNSEY');
INSERT INTO CountryCode (cc, country_name) VALUES ('GN', 'GUINEA');
INSERT INTO CountryCode (cc, country_name) VALUES ('GW', 'GUINEA-BISSAU');
INSERT INTO CountryCode (cc, country_name) VALUES ('GY', 'GUYANA');
INSERT INTO CountryCode (cc, country_name) VALUES ('HT', 'HAITI');
INSERT INTO CountryCode (cc, country_name) VALUES ('HM', 'HEARD ISLAND AND MCDONALD ISLANDS');
INSERT INTO CountryCode (cc, country_name) VALUES ('VA', 'HOLY SEE (VATICAN CITY STATE)');
INSERT INTO CountryCode (cc, country_name) VALUES ('HN', 'HONDURAS');
INSERT INTO CountryCode (cc, country_name) VALUES ('HK', 'HONG KONG');
INSERT INTO CountryCode (cc, country_name) VALUES ('HU', 'HUNGARY');
INSERT INTO CountryCode (cc, country_name) VALUES ('IS', 'ICELAND');
INSERT INTO CountryCode (cc, country_name) VALUES ('IN', 'INDIA');
INSERT INTO CountryCode (cc, country_name) VALUES ('ID', 'INDONESIA');
INSERT INTO CountryCode (cc, country_name) VALUES ('IR', 'IRAN (ISLAMIC REPUBLIC OF)');
INSERT INTO CountryCode (cc, country_name) VALUES ('IQ', 'IRAQ');
INSERT INTO CountryCode (cc, country_name) VALUES ('IE', 'IRELAND');
INSERT INTO CountryCode (cc, country_name) VALUES ('IM', 'ISLE OF MAN');
INSERT INTO CountryCode (cc, country_name) VALUES ('IL', 'ISRAEL');
INSERT INTO CountryCode (cc, country_name) VALUES ('IT', 'ITALY');
INSERT INTO CountryCode (cc, country_name) VALUES ('JM', 'JAMAICA');
INSERT INTO CountryCode (cc, country_name) VALUES ('JP', 'JAPAN');
INSERT INTO CountryCode (cc, country_name) VALUES ('JE', 'JERSEY');
INSERT INTO CountryCode (cc, country_name) VALUES ('JO', 'JORDAN');
INSERT INTO CountryCode (cc, country_name) VALUES ('KZ', 'KAZAKHSTAN');
INSERT INTO CountryCode (cc, country_name) VALUES ('KE', 'KENYA');
INSERT INTO CountryCode (cc, country_name) VALUES ('KI', 'KIRIBATI');
INSERT INTO CountryCode (cc, country_name) VALUES ('KP', 'KOREA, DEMOCRATIC PEOPLE'S REPUBLIC OF');
INSERT INTO CountryCode (cc, country_name) VALUES ('KR', 'KOREA, REPUBLIC OF');
INSERT INTO CountryCode (cc, country_name) VALUES ('KW', 'KUWAIT');
INSERT INTO CountryCode (cc, country_name) VALUES ('KG', 'KYRGYZSTAN');
INSERT INTO CountryCode (cc, country_name) VALUES ('LA', 'LAO PEOPLE'S DEMOCRATIC REPUBLIC');
INSERT INTO CountryCode (cc, country_name) VALUES ('LV', 'LATVIA');
INSERT INTO CountryCode (cc, country_name) VALUES ('LB', 'LEBANON');
INSERT INTO CountryCode (cc, country_name) VALUES ('LS', 'LESOTHO');
INSERT INTO CountryCode (cc, country_name) VALUES ('LR', 'LIBERIA');
INSERT INTO CountryCode (cc, country_name) VALUES ('LY', 'LIBYAN ARAB JAMAHIRIYA');
INSERT INTO CountryCode (cc, country_name) VALUES ('LI', 'LIECHTENSTEIN');
INSERT INTO CountryCode (cc, country_name) VALUES ('LT', 'LITHUANIA');
INSERT INTO CountryCode (cc, country_name) VALUES ('LU', 'LUXEMBOURG');
INSERT INTO CountryCode (cc, country_name) VALUES ('MO', 'MACAO');
INSERT INTO CountryCode (cc, country_name) VALUES ('MK', 'MACEDONIA, THE FORMER YUGOSLAV REPUBLIC OF');
INSERT INTO CountryCode (cc, country_name) VALUES ('MG', 'MADAGASCAR');
INSERT INTO CountryCode (cc, country_name) VALUES ('MW', 'MALAWI');
INSERT INTO CountryCode (cc, country_name) VALUES ('MY', 'MALAYSIA');
INSERT INTO CountryCode (cc, country_name) VALUES ('MV', 'MALDIVES');
INSERT INTO CountryCode (cc, country_name) VALUES ('ML', 'MALI');
INSERT INTO CountryCode (cc, country_name) VALUES ('MT', 'MALTA');
INSERT INTO CountryCode (cc, country_name) VALUES ('MH', 'MARSHALL ISLANDS');
INSERT INTO CountryCode (cc, country_name) VALUES ('MQ', 'MARTINIQUE');
INSERT INTO CountryCode (cc, country_name) VALUES ('MR', 'MAURITANIA');
INSERT INTO CountryCode (cc, country_name) VALUES ('MU', 'MAURITIUS');
INSERT INTO CountryCode (cc, country_name) VALUES ('YT', 'MAYOTTE');
INSERT INTO CountryCode (cc, country_name) VALUES ('MX', 'MEXICO');
INSERT INTO CountryCode (cc, country_name) VALUES ('FM', 'MICRONESIA, FEDERATED STATES OF');
INSERT INTO CountryCode (cc, country_name) VALUES ('MD', 'MOLDOVA, REPUBLIC OF');
INSERT INTO CountryCode (cc, country_name) VALUES ('MC', 'MONACO');
INSERT INTO CountryCode (cc, country_name) VALUES ('MN', 'MONGOLIA');
INSERT INTO CountryCode (cc, country_name) VALUES ('ME', 'MONTENEGRO');
INSERT INTO CountryCode (cc, country_name) VALUES ('MS', 'MONTSERRAT');
INSERT INTO CountryCode (cc, country_name) VALUES ('MA', 'MOROCCO');
INSERT INTO CountryCode (cc, country_name) VALUES ('MZ', 'MOZAMBIQUE');
INSERT INTO CountryCode (cc, country_name) VALUES ('MM', 'MYANMAR');
INSERT INTO CountryCode (cc, country_name) VALUES ('NA', 'NAMIBIA');
INSERT INTO CountryCode (cc, country_name) VALUES ('NR', 'NAURU');
INSERT INTO CountryCode (cc, country_name) VALUES ('NP', 'NEPAL');
INSERT INTO CountryCode (cc, country_name) VALUES ('NL', 'NETHERLANDS');
INSERT INTO CountryCode (cc, country_name) VALUES ('AN', 'NETHERLANDS ANTILLES');
INSERT INTO CountryCode (cc, country_name) VALUES ('NC', 'NEW CALEDONIA');
INSERT INTO CountryCode (cc, country_name) VALUES ('NZ', 'NEW ZEALAND');
INSERT INTO CountryCode (cc, country_name) VALUES ('NI', 'NICARAGUA');
INSERT INTO CountryCode (cc, country_name) VALUES ('NE', 'NIGER');
INSERT INTO CountryCode (cc, country_name) VALUES ('NG', 'NIGERIA');
INSERT INTO CountryCode (cc, country_name) VALUES ('NU', 'NIUE');
INSERT INTO CountryCode (cc, country_name) VALUES ('NF', 'NORFOLK ISLAND');
INSERT INTO CountryCode (cc, country_name) VALUES ('MP', 'NORTHERN MARIANA ISLANDS');
INSERT INTO CountryCode (cc, country_name) VALUES ('NO', 'NORWAY');
INSERT INTO CountryCode (cc, country_name) VALUES ('OM', 'OMAN');
INSERT INTO CountryCode (cc, country_name) VALUES ('PK', 'PAKISTAN');
INSERT INTO CountryCode (cc, country_name) VALUES ('PW', 'PALAU');
INSERT INTO CountryCode (cc, country_name) VALUES ('PS', 'PALESTINIAN TERRITORY, OCCUPIED');
INSERT INTO CountryCode (cc, country_name) VALUES ('PA', 'PANAMA');
INSERT INTO CountryCode (cc, country_name) VALUES ('PG', 'PAPUA NEW GUINEA');
INSERT INTO CountryCode (cc, country_name) VALUES ('PY', 'PARAGUAY');
INSERT INTO CountryCode (cc, country_name) VALUES ('PE', 'PERU');
INSERT INTO CountryCode (cc, country_name) VALUES ('PH', 'PHILIPPINES');
INSERT INTO CountryCode (cc, country_name) VALUES ('PN', 'PITCAIRN');
INSERT INTO CountryCode (cc, country_name) VALUES ('PL', 'POLAND');
INSERT INTO CountryCode (cc, country_name) VALUES ('PT', 'PORTUGAL');
INSERT INTO CountryCode (cc, country_name) VALUES ('PR', 'PUERTO RICO');
INSERT INTO CountryCode (cc, country_name) VALUES ('QA', 'QATAR');
INSERT INTO CountryCode (cc, country_name) VALUES ('RE', 'REUNION');
INSERT INTO CountryCode (cc, country_name) VALUES ('RO', 'ROMANIA');
INSERT INTO CountryCode (cc, country_name) VALUES ('RU', 'RUSSIAN FEDERATION');
INSERT INTO CountryCode (cc, country_name) VALUES ('RW', 'RWANDA');
INSERT INTO CountryCode (cc, country_name) VALUES ('BL', 'SAINT BARTHELEMY');
INSERT INTO CountryCode (cc, country_name) VALUES ('SH', 'SAINT HELENA, ASCENSION AND TRISTAN DA CUNHA');
INSERT INTO CountryCode (cc, country_name) VALUES ('KN', 'SAINT KITTS AND NEVIS');
INSERT INTO CountryCode (cc, country_name) VALUES ('LC', 'SAINT LUCIA');
INSERT INTO CountryCode (cc, country_name) VALUES ('MT', 'SAINT MARTIN (FRENCH PART)');
INSERT INTO CountryCode (cc, country_name) VALUES ('PM', 'SAINT PIERRE AND MIQUELON');
INSERT INTO CountryCode (cc, country_name) VALUES ('VC', 'SAINT VINCENT AND THE GRENADINES');
INSERT INTO CountryCode (cc, country_name) VALUES ('WS', 'SAMOA');
INSERT INTO CountryCode (cc, country_name) VALUES ('SM', 'SAN MARINO');
INSERT INTO CountryCode (cc, country_name) VALUES ('ST', 'SAO TOME AND PRINCIPE');
INSERT INTO CountryCode (cc, country_name) VALUES ('SA', 'SAUDI ARABIA');
INSERT INTO CountryCode (cc, country_name) VALUES ('SN', 'SENEGAL');
INSERT INTO CountryCode (cc, country_name) VALUES ('RS', 'SERBIA');
INSERT INTO CountryCode (cc, country_name) VALUES ('SC', 'SEYCHELLES');
INSERT INTO CountryCode (cc, country_name) VALUES ('SL', 'SIERRA LEONE');
INSERT INTO CountryCode (cc, country_name) VALUES ('SG', 'SINGAPORE');
INSERT INTO CountryCode (cc, country_name) VALUES ('SK', 'SLOVAKIA');
INSERT INTO CountryCode (cc, country_name) VALUES ('SI', 'SLOVENIA');
INSERT INTO CountryCode (cc, country_name) VALUES ('SB', 'SOLOMON ISLANDS');
INSERT INTO CountryCode (cc, country_name) VALUES ('SO', 'SOMALIA');
INSERT INTO CountryCode (cc, country_name) VALUES ('ZA', 'SOUTH AFRICA');
INSERT INTO CountryCode (cc, country_name) VALUES ('GS', 'SOUTH GEORGIA AND THE SOUTH SANDWICH ISLANDS');
INSERT INTO CountryCode (cc, country_name) VALUES ('ES', 'SPAIN');
INSERT INTO CountryCode (cc, country_name) VALUES ('LK', 'SRI LANKA');
INSERT INTO CountryCode (cc, country_name) VALUES ('SD', 'SUDAN');
INSERT INTO CountryCode (cc, country_name) VALUES ('SR', 'SURINAME');
INSERT INTO CountryCode (cc, country_name) VALUES ('SJ', 'SVALBARD AND JAN MAYEN');
INSERT INTO CountryCode (cc, country_name) VALUES ('SZ', 'SWAZILAND');
INSERT INTO CountryCode (cc, country_name) VALUES ('SE', 'SWEDEN');
INSERT INTO CountryCode (cc, country_name) VALUES ('CH', 'SWITZERLAND');
INSERT INTO CountryCode (cc, country_name) VALUES ('SY', 'SYRIAN ARAB REPUBLIC');
INSERT INTO CountryCode (cc, country_name) VALUES ('TW', 'TAIWAN, PROVINCE OF CHINA');
INSERT INTO CountryCode (cc, country_name) VALUES ('TJ', 'TAJIKISTAN');
INSERT INTO CountryCode (cc, country_name) VALUES ('TZ', 'TANZANIA, UNITED REPUBLIC OF');
INSERT INTO CountryCode (cc, country_name) VALUES ('TH', 'THAILAND');
INSERT INTO CountryCode (cc, country_name) VALUES ('TL', 'TIMOR-LESTE');
INSERT INTO CountryCode (cc, country_name) VALUES ('TG', 'TOGO');
INSERT INTO CountryCode (cc, country_name) VALUES ('TK', 'TOKELAU');
INSERT INTO CountryCode (cc, country_name) VALUES ('TO', 'TONGA');
INSERT INTO CountryCode (cc, country_name) VALUES ('TT', 'TRINIDAD AND TOBAGO');
INSERT INTO CountryCode (cc, country_name) VALUES ('TN', 'TUNISIA');
INSERT INTO CountryCode (cc, country_name) VALUES ('TR', 'TURKEY');
INSERT INTO CountryCode (cc, country_name) VALUES ('TM', 'TURKMENISTAN');
INSERT INTO CountryCode (cc, country_name) VALUES ('TC', 'TURKS AND CAICOS ISLANDS');
INSERT INTO CountryCode (cc, country_name) VALUES ('TV', 'TUVALU');
INSERT INTO CountryCode (cc, country_name) VALUES ('UG', 'UGANDA');
INSERT INTO CountryCode (cc, country_name) VALUES ('UA', 'UKRAINE');
INSERT INTO CountryCode (cc, country_name) VALUES ('AE', 'UNITED ARAB EMIRATES');
INSERT INTO CountryCode (cc, country_name) VALUES ('GB', 'UNITED KINGDOM');
INSERT INTO CountryCode (cc, country_name) VALUES ('US', 'UNITED STATES');
INSERT INTO CountryCode (cc, country_name) VALUES ('UM', 'UNITED STATES MINOR OUTLYING ISLANDS');
INSERT INTO CountryCode (cc, country_name) VALUES ('UY', 'URUGUAY');
INSERT INTO CountryCode (cc, country_name) VALUES ('UZ', 'UZBEKISTAN');
INSERT INTO CountryCode (cc, country_name) VALUES ('VU', 'VANUATU');
INSERT INTO CountryCode (cc, country_name) VALUES ('VA', 'VATICAN CITY STATE (HOLY SEE)');
INSERT INTO CountryCode (cc, country_name) VALUES ('VE', 'VENEZUELA, BOLIVARIAN REPUBLIC OF');
INSERT INTO CountryCode (cc, country_name) VALUES ('VN', 'VIET NAM');
INSERT INTO CountryCode (cc, country_name) VALUES ('VG', 'VIRGIN ISLANDS (BRITISH)');
INSERT INTO CountryCode (cc, country_name) VALUES ('VI', 'VIRGIN ISLANDS (U.S.)');
INSERT INTO CountryCode (cc, country_name) VALUES ('WF', 'WALLIS AND FUTUNA');
INSERT INTO CountryCode (cc, country_name) VALUES ('EH', 'WESTERN SAHARA');
INSERT INTO CountryCode (cc, country_name) VALUES ('YE', 'YEMEN');
INSERT INTO CountryCode (cc, country_name) VALUES ('YU', 'YUGOSLAVIA');
INSERT INTO CountryCode (cc, country_name) VALUES ('ZM', 'ZAMBIA');
INSERT INTO CountryCode (cc, country_name) VALUES ('ZW', 'ZIMBABWE');
